<?xml version="1.0" encoding="UTF-8"?>
<testng-results ignored="0" total="3" passed="3" failed="0" skipped="0">
  <reporter-output>
  </reporter-output>
  <suite started-at="2023-11-03T17:01:25 SGT" name="Default suite" finished-at="2023-11-03T17:01:26 SGT" duration-ms="1327">
    <groups>
      <group name="cucumber">
        <method signature="AbstractTestNGCucumberTests.runScenario(io.cucumber.testng.PickleWrapper,io.cucumber.testng.FeatureWrapper)[pri:0, instance:com.dhl.runner.RunnerTest@7674f035]" name="runScenario" class="io.cucumber.testng.AbstractTestNGCucumberTests"/>
      </group> <!-- cucumber -->
    </groups>
    <test started-at="2023-11-03T17:01:25 SGT" name="Default test" finished-at="2023-11-03T17:01:26 SGT" duration-ms="1327">
      <class name="com.dhl.runner.RunnerTest">
        <test-method is-config="true" signature="setUpClass(org.testng.ITestContext)[pri:0, instance:com.dhl.runner.RunnerTest@7674f035]" started-at="2023-11-03T17:01:25 SGT" name="setUpClass" finished-at="2023-11-03T17:01:26 SGT" duration-ms="895" status="PASS">
          <params>
            <param index="0">
              <value>
                <![CDATA[org.testng.TestRunner@49096b06]]>
              </value>
            </param>
          </params>
          <reporter-output>
          </reporter-output>
        </test-method> <!-- setUpClass -->
        <test-method signature="runScenario(io.cucumber.testng.PickleWrapper,io.cucumber.testng.FeatureWrapper)[pri:0, instance:com.dhl.runner.RunnerTest@7674f035]" started-at="2023-11-03T17:01:26 SGT" name="runScenario" description="Runs Cucumber Scenarios" data-provider="scenarios" finished-at="2023-11-03T17:01:26 SGT" duration-ms="232" status="PASS">
          <params>
            <param index="0">
              <value>
                <![CDATA["Valid Credentials"]]>
              </value>
            </param>
            <param index="1">
              <value>
                <![CDATA["Login"]]>
              </value>
            </param>
          </params>
          <reporter-output>
          </reporter-output>
        </test-method> <!-- runScenario -->
        <test-method signature="runScenario(io.cucumber.testng.PickleWrapper,io.cucumber.testng.FeatureWrapper)[pri:0, instance:com.dhl.runner.RunnerTest@7674f035]" started-at="2023-11-03T17:01:26 SGT" name="runScenario" description="Runs Cucumber Scenarios" data-provider="scenarios" finished-at="2023-11-03T17:01:26 SGT" duration-ms="28" status="PASS">
          <params>
            <param index="0">
              <value>
                <![CDATA["Invalid Credentials"]]>
              </value>
            </param>
            <param index="1">
              <value>
                <![CDATA["Login"]]>
              </value>
            </param>
          </params>
          <reporter-output>
          </reporter-output>
        </test-method> <!-- runScenario -->
        <test-method signature="runScenario(io.cucumber.testng.PickleWrapper,io.cucumber.testng.FeatureWrapper)[pri:0, instance:com.dhl.runner.RunnerTest@7674f035]" started-at="2023-11-03T17:01:26 SGT" name="runScenario" description="Runs Cucumber Scenarios" data-provider="scenarios" finished-at="2023-11-03T17:01:26 SGT" duration-ms="13" status="PASS">
          <params>
            <param index="0">
              <value>
                <![CDATA["Invalid Credentials"]]>
              </value>
            </param>
            <param index="1">
              <value>
                <![CDATA["Login"]]>
              </value>
            </param>
          </params>
          <reporter-output>
          </reporter-output>
        </test-method> <!-- runScenario -->
        <test-method is-config="true" signature="tearDownClass()[pri:0, instance:com.dhl.runner.RunnerTest@7674f035]" started-at="2023-11-03T17:01:26 SGT" name="tearDownClass" finished-at="2023-11-03T17:01:26 SGT" duration-ms="92" status="PASS">
          <reporter-output>
          </reporter-output>
        </test-method> <!-- tearDownClass -->
      </class> <!-- com.dhl.runner.RunnerTest -->
    </test> <!-- Default test -->
  </suite> <!-- Default suite -->
</testng-results>
